2013/09/27 05:57:53 [error] [php] include(Facebook.php): failed to open stream: No such file or directory (/var/www/yii/framework/YiiBase.php:427)
Stack trace:
#0 /var/www/unfriend_notification/protected/controllers/SiteController.php(35): spl_autoload_call()
#1 /var/www/yii/framework/web/actions/CInlineAction.php(49): SiteController->actionIndex()
#2 /var/www/yii/framework/web/CController.php(308): CInlineAction->runWithParams()
#3 /var/www/yii/framework/web/CController.php(286): SiteController->runAction()
#4 /var/www/yii/framework/web/CController.php(265): SiteController->runActionWithFilters()
#5 /var/www/yii/framework/web/CWebApplication.php(282): SiteController->run()
#6 /var/www/yii/framework/web/CWebApplication.php(141): CWebApplication->runController()
#7 /var/www/yii/framework/base/CApplication.php(180): CWebApplication->processRequest()
#8 /var/www/unfriend_notification/index.php(13): CWebApplication->run()
REQUEST_URI=/unfriend_notification/
in /var/www/unfriend_notification/protected/controllers/SiteController.php (35)
in /var/www/unfriend_notification/index.php (13)
2013/09/27 05:59:46 [error] [php] include(Facebook.php): failed to open stream: No such file or directory (/var/www/yii/framework/YiiBase.php:427)
Stack trace:
#0 /var/www/unfriend_notification/protected/controllers/SiteController.php(35): spl_autoload_call()
#1 /var/www/yii/framework/web/actions/CInlineAction.php(49): SiteController->actionIndex()
#2 /var/www/yii/framework/web/CController.php(308): CInlineAction->runWithParams()
#3 /var/www/yii/framework/web/CController.php(286): SiteController->runAction()
#4 /var/www/yii/framework/web/CController.php(265): SiteController->runActionWithFilters()
#5 /var/www/yii/framework/web/CWebApplication.php(282): SiteController->run()
#6 /var/www/yii/framework/web/CWebApplication.php(141): CWebApplication->runController()
#7 /var/www/yii/framework/base/CApplication.php(180): CWebApplication->processRequest()
#8 /var/www/unfriend_notification/index.php(13): CWebApplication->run()
REQUEST_URI=/unfriend_notification/
in /var/www/unfriend_notification/protected/controllers/SiteController.php (35)
in /var/www/unfriend_notification/index.php (13)
2013/09/27 06:01:22 [error] [exception.Exception] exception 'Exception' with message 'Facebook needs the CURL PHP extension.' in /var/www/unfriend_notification/protected/vendor/facebook-php-sdk/src/base_facebook.php:19
Stack trace:
#0 /var/www/unfriend_notification/protected/vendor/facebook-php-sdk/src/facebook.php(18): require_once()
#1 /var/www/unfriend_notification/protected/controllers/SiteController.php(2): require_once('/var/www/unfrie...')
#2 /var/www/yii/framework/web/CWebApplication.php(354): require('/var/www/unfrie...')
#3 /var/www/yii/framework/web/CWebApplication.php(276): CWebApplication->createController('')
#4 /var/www/yii/framework/web/CWebApplication.php(141): CWebApplication->runController('')
#5 /var/www/yii/framework/base/CApplication.php(180): CWebApplication->processRequest()
#6 /var/www/unfriend_notification/index.php(13): CApplication->run()
#7 {main}
REQUEST_URI=/unfriend_notification/
---
2013/09/27 06:02:43 [error] [exception.Exception] exception 'Exception' with message 'Facebook needs the CURL PHP extension.' in /var/www/unfriend_notification/protected/vendor/facebook-php-sdk/src/base_facebook.php:19
Stack trace:
#0 /var/www/unfriend_notification/protected/vendor/facebook-php-sdk/src/facebook.php(18): require_once()
#1 /var/www/unfriend_notification/protected/controllers/SiteController.php(2): require_once('/var/www/unfrie...')
#2 /var/www/yii/framework/web/CWebApplication.php(354): require('/var/www/unfrie...')
#3 /var/www/yii/framework/web/CWebApplication.php(276): CWebApplication->createController('')
#4 /var/www/yii/framework/web/CWebApplication.php(141): CWebApplication->runController('')
#5 /var/www/yii/framework/base/CApplication.php(180): CWebApplication->processRequest()
#6 /var/www/unfriend_notification/index.php(13): CApplication->run()
#7 {main}
REQUEST_URI=/unfriend_notification/
---
2013/09/27 06:54:57 [error] [php] Undefined variable: login_url (/var/www/unfriend_notification/protected/controllers/SiteController.php:61)
Stack trace:
#0 /var/www/yii/framework/web/CController.php(286): SiteController->runAction()
#1 /var/www/yii/framework/web/CController.php(265): SiteController->runActionWithFilters()
#2 /var/www/yii/framework/web/CWebApplication.php(282): SiteController->run()
#3 /var/www/yii/framework/web/CWebApplication.php(141): CWebApplication->runController()
#4 /var/www/yii/framework/base/CApplication.php(180): CWebApplication->processRequest()
#5 /var/www/unfriend_notification/index.php(13): CWebApplication->run()
REQUEST_URI=/unfriend_notification/?code=AQASqApBYk8k0BhiFfiDIM6Uo7ajB2qmb5j5rcIJVPlk8ZF-HdLKG4l4zwSsN_H04VylhuPrLdSSyqOiqH3chL1v0sIdCjE34zwlSq4lM2CkdpcsW9gQwu6gH6eaGOnM94zSZ4V7k1G4-fMJ3BE_tM1If3CLhHclTGo9H0hZ8o3_mBMJgHiiaT0VJJWSdlzwT8JFkIRPKS5fewnR-_8DumSn540opic3D952vQuoER3jNle3TAp5kG6N4jBmPDrVOOpKAtT97yLxkfqVSWxewi6rpW6OjHc8lBy8X53RB5NbxhbQRJRU6xvdqoJhQ_U6tPM&state=c65dbe51a4f17b4dcb63f55916c9d9eb
in /var/www/unfriend_notification/protected/controllers/SiteController.php (61)
in /var/www/unfriend_notification/index.php (13)
2013/09/27 08:12:47 [error] [php] Trying to get property of non-object (/var/www/unfriend_notification/protected/controllers/SiteController.php:48)
Stack trace:
#0 /var/www/yii/framework/web/CController.php(286): SiteController->runAction()
#1 /var/www/yii/framework/web/CController.php(265): SiteController->runActionWithFilters()
#2 /var/www/yii/framework/web/CWebApplication.php(282): SiteController->run()
#3 /var/www/yii/framework/web/CWebApplication.php(141): CWebApplication->runController()
#4 /var/www/yii/framework/base/CApplication.php(180): CWebApplication->processRequest()
#5 /var/www/unfriend_notification/index.php(13): CWebApplication->run()
REQUEST_URI=/unfriend_notification/
in /var/www/unfriend_notification/protected/controllers/SiteController.php (48)
in /var/www/unfriend_notification/index.php (13)
2013/09/27 08:45:32 [error] [php] session_start(): Cannot send session cookie - headers already sent by (output started at /var/www/unfriend_notification/protected/commands/UpdateFriendListCommand.php:26) (/var/www/unfriend_notification/protected/vendor/facebook-php-sdk/src/facebook.php:49)
Stack trace:
#0 unknown(0): UpdateFriendListCommand->actionIndex()
#1 /var/www/yii/framework/console/CConsoleCommand.php(172): ReflectionMethod->invokeArgs()
#2 /var/www/yii/framework/console/CConsoleCommandRunner.php(71): UpdateFriendListCommand->run()
#3 /var/www/yii/framework/console/CConsoleApplication.php(92): CConsoleCommandRunner->run()
#4 /var/www/yii/framework/base/CApplication.php(180): CConsoleApplication->processRequest()
#5 /var/www/yii/framework/yiic.php(33): CConsoleApplication->run()
#6 /var/www/unfriend_notification/protected/yiic.php(7): require_once()
#7 /var/www/unfriend_notification/protected/yiic(4): require_once()

2013/09/27 08:46:05 [error] [exception.FacebookApiException] OAuthException: Unknown path components: /me/friends
---
2013/09/27 09:51:46 [error] [php] Undefined variable: old_fl (/var/www/unfriend_notification/protected/views/site/index.php:3)
Stack trace:
#0 /var/www/yii/framework/web/CController.php(869): SiteController->renderFile()
#1 /var/www/yii/framework/web/CController.php(782): SiteController->renderPartial()
#2 /var/www/unfriend_notification/protected/controllers/SiteController.php(75): SiteController->render()
#3 /var/www/yii/framework/web/actions/CInlineAction.php(49): SiteController->actionIndex()
#4 /var/www/yii/framework/web/CController.php(308): CInlineAction->runWithParams()
#5 /var/www/yii/framework/web/CController.php(286): SiteController->runAction()
#6 /var/www/yii/framework/web/CController.php(265): SiteController->runActionWithFilters()
#7 /var/www/yii/framework/web/CWebApplication.php(282): SiteController->run()
#8 /var/www/yii/framework/web/CWebApplication.php(141): CWebApplication->runController()
#9 /var/www/yii/framework/base/CApplication.php(180): CWebApplication->processRequest()
#10 /var/www/unfriend_notification/index.php(13): CWebApplication->run()
REQUEST_URI=/unfriend_notification/
in /var/www/unfriend_notification/protected/views/site/index.php (3)
in /var/www/unfriend_notification/protected/controllers/SiteController.php (75)
in /var/www/unfriend_notification/index.php (13)
2013/09/27 09:52:03 [error] [php] Invalid argument supplied for foreach() (/var/www/unfriend_notification/protected/views/site/index.php:8)
Stack trace:
#0 /var/www/yii/framework/web/CController.php(869): SiteController->renderFile()
#1 /var/www/yii/framework/web/CController.php(782): SiteController->renderPartial()
#2 /var/www/unfriend_notification/protected/controllers/SiteController.php(75): SiteController->render()
#3 /var/www/yii/framework/web/actions/CInlineAction.php(49): SiteController->actionIndex()
#4 /var/www/yii/framework/web/CController.php(308): CInlineAction->runWithParams()
#5 /var/www/yii/framework/web/CController.php(286): SiteController->runAction()
#6 /var/www/yii/framework/web/CController.php(265): SiteController->runActionWithFilters()
#7 /var/www/yii/framework/web/CWebApplication.php(282): SiteController->run()
#8 /var/www/yii/framework/web/CWebApplication.php(141): CWebApplication->runController()
#9 /var/www/yii/framework/base/CApplication.php(180): CWebApplication->processRequest()
#10 /var/www/unfriend_notification/index.php(13): CWebApplication->run()
REQUEST_URI=/unfriend_notification/
in /var/www/unfriend_notification/protected/views/site/index.php (8)
in /var/www/unfriend_notification/protected/controllers/SiteController.php (75)
in /var/www/unfriend_notification/index.php (13)
2013/09/27 09:53:33 [error] [php] Invalid argument supplied for foreach() (/var/www/unfriend_notification/protected/views/site/index.php:8)
Stack trace:
#0 /var/www/yii/framework/web/CController.php(869): SiteController->renderFile()
#1 /var/www/yii/framework/web/CController.php(782): SiteController->renderPartial()
#2 /var/www/unfriend_notification/protected/controllers/SiteController.php(76): SiteController->render()
#3 /var/www/yii/framework/web/actions/CInlineAction.php(49): SiteController->actionIndex()
#4 /var/www/yii/framework/web/CController.php(308): CInlineAction->runWithParams()
#5 /var/www/yii/framework/web/CController.php(286): SiteController->runAction()
#6 /var/www/yii/framework/web/CController.php(265): SiteController->runActionWithFilters()
#7 /var/www/yii/framework/web/CWebApplication.php(282): SiteController->run()
#8 /var/www/yii/framework/web/CWebApplication.php(141): CWebApplication->runController()
#9 /var/www/yii/framework/base/CApplication.php(180): CWebApplication->processRequest()
#10 /var/www/unfriend_notification/index.php(13): CWebApplication->run()
REQUEST_URI=/unfriend_notification/
in /var/www/unfriend_notification/protected/views/site/index.php (8)
in /var/www/unfriend_notification/protected/controllers/SiteController.php (76)
in /var/www/unfriend_notification/index.php (13)
2013/09/27 09:54:03 [debug] [application] 1
in /var/www/unfriend_notification/protected/controllers/SiteController.php (50)
in /var/www/unfriend_notification/index.php (13)
2013/09/27 09:54:03 [error] [php] Invalid argument supplied for foreach() (/var/www/unfriend_notification/protected/views/site/index.php:8)
Stack trace:
#0 /var/www/yii/framework/web/CController.php(869): SiteController->renderFile()
#1 /var/www/yii/framework/web/CController.php(782): SiteController->renderPartial()
#2 /var/www/unfriend_notification/protected/controllers/SiteController.php(76): SiteController->render()
#3 /var/www/yii/framework/web/actions/CInlineAction.php(49): SiteController->actionIndex()
#4 /var/www/yii/framework/web/CController.php(308): CInlineAction->runWithParams()
#5 /var/www/yii/framework/web/CController.php(286): SiteController->runAction()
#6 /var/www/yii/framework/web/CController.php(265): SiteController->runActionWithFilters()
#7 /var/www/yii/framework/web/CWebApplication.php(282): SiteController->run()
#8 /var/www/yii/framework/web/CWebApplication.php(141): CWebApplication->runController()
#9 /var/www/yii/framework/base/CApplication.php(180): CWebApplication->processRequest()
#10 /var/www/unfriend_notification/index.php(13): CWebApplication->run()
REQUEST_URI=/unfriend_notification/
in /var/www/unfriend_notification/protected/views/site/index.php (8)
in /var/www/unfriend_notification/protected/controllers/SiteController.php (76)
in /var/www/unfriend_notification/index.php (13)
2013/09/27 09:59:48 [debug] [application] 1
in /var/www/unfriend_notification/protected/controllers/SiteController.php (50)
in /var/www/unfriend_notification/index.php (13)
2013/09/27 09:59:48 [debug] [application] 
in /var/www/unfriend_notification/protected/controllers/SiteController.php (51)
in /var/www/unfriend_notification/index.php (13)
2013/09/27 10:02:42 [error] [php] Invalid argument supplied for foreach() (/var/www/unfriend_notification/protected/views/site/index.php:8)
Stack trace:
#0 /var/www/yii/framework/web/CController.php(869): SiteController->renderFile()
#1 /var/www/yii/framework/web/CController.php(782): SiteController->renderPartial()
#2 /var/www/unfriend_notification/protected/controllers/SiteController.php(75): SiteController->render()
#3 /var/www/yii/framework/web/actions/CInlineAction.php(49): SiteController->actionIndex()
#4 /var/www/yii/framework/web/CController.php(308): CInlineAction->runWithParams()
#5 /var/www/yii/framework/web/CController.php(286): SiteController->runAction()
#6 /var/www/yii/framework/web/CController.php(265): SiteController->runActionWithFilters()
#7 /var/www/yii/framework/web/CWebApplication.php(282): SiteController->run()
#8 /var/www/yii/framework/web/CWebApplication.php(141): CWebApplication->runController()
#9 /var/www/yii/framework/base/CApplication.php(180): CWebApplication->processRequest()
#10 /var/www/unfriend_notification/index.php(13): CWebApplication->run()
REQUEST_URI=/unfriend_notification/?fb_source=notification&ref=notif&notif_t=app_notification
in /var/www/unfriend_notification/protected/views/site/index.php (8)
in /var/www/unfriend_notification/protected/controllers/SiteController.php (75)
in /var/www/unfriend_notification/index.php (13)
2013/09/27 10:05:57 [error] [php] Invalid argument supplied for foreach() (/var/www/unfriend_notification/protected/views/site/index.php:8)
Stack trace:
#0 /var/www/yii/framework/web/CController.php(869): SiteController->renderFile()
#1 /var/www/yii/framework/web/CController.php(782): SiteController->renderPartial()
#2 /var/www/unfriend_notification/protected/controllers/SiteController.php(75): SiteController->render()
#3 /var/www/yii/framework/web/actions/CInlineAction.php(49): SiteController->actionIndex()
#4 /var/www/yii/framework/web/CController.php(308): CInlineAction->runWithParams()
#5 /var/www/yii/framework/web/CController.php(286): SiteController->runAction()
#6 /var/www/yii/framework/web/CController.php(265): SiteController->runActionWithFilters()
#7 /var/www/yii/framework/web/CWebApplication.php(282): SiteController->run()
#8 /var/www/yii/framework/web/CWebApplication.php(141): CWebApplication->runController()
#9 /var/www/yii/framework/base/CApplication.php(180): CWebApplication->processRequest()
#10 /var/www/unfriend_notification/index.php(13): CWebApplication->run()
REQUEST_URI=/unfriend_notification/?fb_source=notification&ref=notif&notif_t=app_notification
in /var/www/unfriend_notification/protected/views/site/index.php (8)
in /var/www/unfriend_notification/protected/controllers/SiteController.php (75)
in /var/www/unfriend_notification/index.php (13)
2013/09/27 10:45:33 [error] [php] Undefined variable: new_fl (/var/www/unfriend_notification/protected/controllers/SiteController.php:72)
Stack trace:
#0 /var/www/yii/framework/web/CController.php(286): SiteController->runAction()
#1 /var/www/yii/framework/web/CController.php(265): SiteController->runActionWithFilters()
#2 /var/www/yii/framework/web/CWebApplication.php(282): SiteController->run()
#3 /var/www/yii/framework/web/CWebApplication.php(141): CWebApplication->runController()
#4 /var/www/yii/framework/base/CApplication.php(180): CWebApplication->processRequest()
#5 /var/www/unfriend_notification/index.php(13): CWebApplication->run()
REQUEST_URI=/unfriend_notification/
in /var/www/unfriend_notification/protected/controllers/SiteController.php (72)
in /var/www/unfriend_notification/index.php (13)
